AutoECO Report
FILE-A: C:\DOCUMENTS AND SETTINGS\ALL USERS\DESKTOP\ECAD_LAB\LAB3\LAB3_ORCAD_LAYOUT\LAB3_PCB.MAX
FILE-B: C:\DOCUMENTS AND SETTINGS\ALL USERS\DESKTOP\ECAD_LAB\LAB3\LAB3_ORCAD_EXPRESS\CELL_DESIGN.MNL
If "*EOF*" immediately follows, no changes were made
Adding package 74LS02
Adding package 74LS04
Adding package 74LS86
Adding package 74LS08
Adding package 74LS00
Adding component U14
Found footprint DIP.100/14/W.300/L.750 from PRT file for part 74LS02, comp U14
Adding component U13
Adding component U16
Adding component U10
Adding component U17
Adding component U6
Adding component U2
Adding component U15
Adding component U7
Adding component U9
Adding component U5
Adding component U3
Adding component U11
Adding component U12
Adding component U8
Adding component U1
Adding component U4
Adding net N00293
Adding net N00796
Adding net N00348
Adding net N00358
Adding net N00423
Adding net N01791
Adding net N01061
Adding net N01353
Adding net N00577
Adding net N00266
Adding net N00745
Adding net N00895
Adding net N00997
Adding net N00101
Adding net N00697
Adding net GND
Adding net VCC
Adding net N00652
Adding net N00122
Adding net N05506
Adding net N06185
Adding net N05902
Adding net N06197
Adding net N06191
Adding net N05424
Adding net N05762
Adding net N05492
Adding net N05750
Adding net N05784
Adding net N05356
Adding net N05738
Adding net N06215
Adding net N05342
Adding net N05510
Adding net N06313
Adding net N05406
Adding net N05744
Adding net N06157
Adding net N05772
Adding net N05376
Adding net N05900
Adding net N05778
Adding net N06203
Adding net N06175
Adding net N06233
Adding net N06225
Adding net N05394
Adding net N05812
Adding net N05820
Adding net N06151
Adding net N05752
Adding net N05504
Adding net N05906
Adding net N05354
Adding net N05416
Adding net N06315
Adding net N06319
Adding net N05382
Adding net N05388
Adding net N06163
Adding net N06165
Adding net N05790
Adding net N06263
Adding net N06301
Adding net N05366
Adding net N05850
Adding net N05888
Adding net N05348
Adding net N05454
Adding net N05802
Deleting component P1
Deleting net DEFAULT
*EOF*
No errors found
