Thu Apr 07 20:25:09 Saved as file C:\DOCUMENTS AND SETTINGS\ALL USERS\DESKTOP\ECAD_LAB\LAB3\LAB3_ORCAD_LAYOUT\LAB3_PCB.MAX
Thu Apr 07 20:25:09 Saved as file BACKUP1.MAX
Thu Apr 07 20:25:09 Saved as file C:\DOCUMENTS AND SETTINGS\ALL USERS\DESKTOP\ECAD_LAB\LAB3\LAB3_ORCAD_LAYOUT\LAB3_PCB.MAX
Thu Apr 07 20:25:10 UserDiv from Layout.INI for AutoECO: 60
Thu Apr 07 20:25:10 Loaded file C:\DOCUMENTS AND SETTINGS\ALL USERS\DESKTOP\ECAD_LAB\LAB3\LAB3_ORCAD_LAYOUT\LAB3_PCB.MAX
Thu Apr 07 20:25:10 Loaded file C:\ORCADWIN\LAYOUT\LIBRARY\TO.LLB
Thu Apr 07 20:25:10 Loaded file C:\ORCADWIN\LAYOUT\LIBRARY\SOJ.LLB
Thu Apr 07 20:25:10 Loaded file C:\ORCADWIN\LAYOUT\LIBRARY\DIP100T.LLB
Thu Apr 07 20:25:10 Loaded file C:\ORCADWIN\LAYOUT\LIBRARY\DIP100B.LLB
Thu Apr 07 20:25:10 Loaded file C:\ORCADWIN\LAYOUT\LIBRARY\DSUBT.LLB
Thu Apr 07 20:25:10 Loaded file C:\ORCADWIN\LAYOUT\LIBRARY\JUMPER.LLB
Thu Apr 07 20:25:10 Loaded file C:\ORCADWIN\LAYOUT\LIBRARY\SM.LLB
Thu Apr 07 20:25:10 Loaded file C:\ORCADWIN\LAYOUT\LIBRARY\TM_CAP_P.LLB
Thu Apr 07 20:25:10 Loaded file C:\ORCADWIN\LAYOUT\library\sheet05.llb
Thu Apr 07 20:25:10 Loaded file C:\ORCADWIN\LAYOUT\LIBRARY\TO.LLB
Thu Apr 07 20:25:10 Loaded file C:\ORCADWIN\LAYOUT\LIBRARY\SOJ.LLB
Thu Apr 07 20:25:10 Loaded file C:\ORCADWIN\LAYOUT\LIBRARY\DIP100T.LLB
Thu Apr 07 20:25:10 Loaded file C:\ORCADWIN\LAYOUT\LIBRARY\DIP100B.LLB
Thu Apr 07 20:25:10 Loaded file C:\ORCADWIN\LAYOUT\LIBRARY\DSUBT.LLB
Thu Apr 07 20:25:10 Loaded file C:\ORCADWIN\LAYOUT\LIBRARY\JUMPER.LLB
Thu Apr 07 20:25:10 Loaded file C:\ORCADWIN\LAYOUT\LIBRARY\SM.LLB
Thu Apr 07 20:25:10 Loaded file C:\ORCADWIN\LAYOUT\LIBRARY\TM_CAP_P.LLB
Thu Apr 07 20:25:10 Loaded file C:\ORCADWIN\LAYOUT\library\sheet05.llb
Thu Apr 07 20:25:10 Unable to find Alternate Footprint: SOG.050/14/WG.244/L.375
Thu Apr 07 20:25:10 Loaded file C:\ORCADWIN\LAYOUT\LIBRARY\DIP100T.LLB
Thu Apr 07 20:25:10 Loaded file C:\ORCADWIN\LAYOUT\LIBRARY\TO.LLB
Thu Apr 07 20:25:10 Loaded file C:\ORCADWIN\LAYOUT\LIBRARY\SOJ.LLB
Thu Apr 07 20:25:10 Loaded file C:\ORCADWIN\LAYOUT\LIBRARY\DIP100T.LLB
Thu Apr 07 20:25:10 Loaded file C:\ORCADWIN\LAYOUT\LIBRARY\DIP100B.LLB
Thu Apr 07 20:25:10 Loaded file C:\ORCADWIN\LAYOUT\LIBRARY\DSUBT.LLB
Thu Apr 07 20:25:10 Loaded file C:\ORCADWIN\LAYOUT\LIBRARY\JUMPER.LLB
Thu Apr 07 20:25:10 Loaded file C:\ORCADWIN\LAYOUT\LIBRARY\SM.LLB
Thu Apr 07 20:25:10 Loaded file C:\ORCADWIN\LAYOUT\LIBRARY\TM_CAP_P.LLB
Thu Apr 07 20:25:10 Loaded file C:\ORCADWIN\LAYOUT\library\sheet05.llb
Thu Apr 07 20:25:10 Unable to find Alternate Footprint: SOG.050/14/WG.244/L.375
Thu Apr 07 20:25:10 Loaded file C:\ORCADWIN\LAYOUT\LIBRARY\TO.LLB
Thu Apr 07 20:25:10 Loaded file C:\ORCADWIN\LAYOUT\LIBRARY\SOJ.LLB
Thu Apr 07 20:25:10 Loaded file C:\ORCADWIN\LAYOUT\LIBRARY\DIP100T.LLB
Thu Apr 07 20:25:10 Loaded file C:\ORCADWIN\LAYOUT\LIBRARY\DIP100B.LLB
Thu Apr 07 20:25:10 Loaded file C:\ORCADWIN\LAYOUT\LIBRARY\DSUBT.LLB
Thu Apr 07 20:25:10 Loaded file C:\ORCADWIN\LAYOUT\LIBRARY\JUMPER.LLB
Thu Apr 07 20:25:10 Loaded file C:\ORCADWIN\LAYOUT\LIBRARY\SM.LLB
Thu Apr 07 20:25:10 Loaded file C:\ORCADWIN\LAYOUT\LIBRARY\TM_CAP_P.LLB
Thu Apr 07 20:25:10 Loaded file C:\ORCADWIN\LAYOUT\library\sheet05.llb
Thu Apr 07 20:25:10 Unable to find Alternate Footprint: SOG.050/14/WG.244/L.375
Thu Apr 07 20:25:10 Loaded file C:\ORCADWIN\LAYOUT\LIBRARY\TO.LLB
Thu Apr 07 20:25:10 Loaded file C:\ORCADWIN\LAYOUT\LIBRARY\SOJ.LLB
Thu Apr 07 20:25:10 Loaded file C:\ORCADWIN\LAYOUT\LIBRARY\DIP100T.LLB
Thu Apr 07 20:25:10 Loaded file C:\ORCADWIN\LAYOUT\LIBRARY\DIP100B.LLB
Thu Apr 07 20:25:10 Loaded file C:\ORCADWIN\LAYOUT\LIBRARY\DSUBT.LLB
Thu Apr 07 20:25:10 Loaded file C:\ORCADWIN\LAYOUT\LIBRARY\JUMPER.LLB
Thu Apr 07 20:25:10 Loaded file C:\ORCADWIN\LAYOUT\LIBRARY\SM.LLB
Thu Apr 07 20:25:10 Loaded file C:\ORCADWIN\LAYOUT\LIBRARY\TM_CAP_P.LLB
Thu Apr 07 20:25:10 Loaded file C:\ORCADWIN\LAYOUT\library\sheet05.llb
Thu Apr 07 20:25:10 Unable to find Alternate Footprint: SOG.050/14/WG.244/L.375
Thu Apr 07 20:25:10 Loaded file C:\ORCADWIN\LAYOUT\LIBRARY\TO.LLB
Thu Apr 07 20:25:10 Loaded file C:\ORCADWIN\LAYOUT\LIBRARY\SOJ.LLB
Thu Apr 07 20:25:10 Loaded file C:\ORCADWIN\LAYOUT\LIBRARY\DIP100T.LLB
Thu Apr 07 20:25:10 Loaded file C:\ORCADWIN\LAYOUT\LIBRARY\DIP100B.LLB
Thu Apr 07 20:25:10 Loaded file C:\ORCADWIN\LAYOUT\LIBRARY\DSUBT.LLB
Thu Apr 07 20:25:10 Loaded file C:\ORCADWIN\LAYOUT\LIBRARY\JUMPER.LLB
Thu Apr 07 20:25:10 Loaded file C:\ORCADWIN\LAYOUT\LIBRARY\SM.LLB
Thu Apr 07 20:25:10 Loaded file C:\ORCADWIN\LAYOUT\LIBRARY\TM_CAP_P.LLB
Thu Apr 07 20:25:10 Loaded file C:\ORCADWIN\LAYOUT\library\sheet05.llb
Thu Apr 07 20:25:10 Unable to find Alternate Footprint: SOG.050/14/WG.244/L.375
Thu Apr 07 20:25:10 Loaded file C:\ORCADWIN\LAYOUT\LIBRARY\TO.LLB
Thu Apr 07 20:25:10 Loaded file C:\ORCADWIN\LAYOUT\LIBRARY\SOJ.LLB
Thu Apr 07 20:25:10 Loaded file C:\ORCADWIN\LAYOUT\LIBRARY\DIP100T.LLB
Thu Apr 07 20:25:10 Loaded file C:\ORCADWIN\LAYOUT\LIBRARY\DIP100B.LLB
Thu Apr 07 20:25:10 Loaded file C:\ORCADWIN\LAYOUT\LIBRARY\DSUBT.LLB
Thu Apr 07 20:25:10 Loaded file C:\ORCADWIN\LAYOUT\LIBRARY\JUMPER.LLB
Thu Apr 07 20:25:10 Loaded file C:\ORCADWIN\LAYOUT\LIBRARY\SM.LLB
Thu Apr 07 20:25:10 Loaded file C:\ORCADWIN\LAYOUT\LIBRARY\TM_CAP_P.LLB
Thu Apr 07 20:25:10 Loaded file C:\ORCADWIN\LAYOUT\library\sheet05.llb
Thu Apr 07 20:25:10 Unable to find Alternate Footprint: SOG.050/14/WG.244/L.375
Thu Apr 07 20:25:10 Loaded file C:\ORCADWIN\LAYOUT\LIBRARY\TO.LLB
Thu Apr 07 20:25:10 Loaded file C:\ORCADWIN\LAYOUT\LIBRARY\SOJ.LLB
Thu Apr 07 20:25:10 Loaded file C:\ORCADWIN\LAYOUT\LIBRARY\DIP100T.LLB
Thu Apr 07 20:25:10 Loaded file C:\ORCADWIN\LAYOUT\LIBRARY\DIP100B.LLB
Thu Apr 07 20:25:10 Loaded file C:\ORCADWIN\LAYOUT\LIBRARY\DSUBT.LLB
Thu Apr 07 20:25:10 Loaded file C:\ORCADWIN\LAYOUT\LIBRARY\JUMPER.LLB
Thu Apr 07 20:25:10 Loaded file C:\ORCADWIN\LAYOUT\LIBRARY\SM.LLB
Thu Apr 07 20:25:10 Loaded file C:\ORCADWIN\LAYOUT\LIBRARY\TM_CAP_P.LLB
Thu Apr 07 20:25:10 Loaded file C:\ORCADWIN\LAYOUT\library\sheet05.llb
Thu Apr 07 20:25:10 Unable to find Alternate Footprint: SOG.050/14/WG.244/L.375
Thu Apr 07 20:25:10 Loaded file C:\ORCADWIN\LAYOUT\LIBRARY\TO.LLB
Thu Apr 07 20:25:10 Loaded file C:\ORCADWIN\LAYOUT\LIBRARY\SOJ.LLB
Thu Apr 07 20:25:10 Loaded file C:\ORCADWIN\LAYOUT\LIBRARY\DIP100T.LLB
Thu Apr 07 20:25:10 Loaded file C:\ORCADWIN\LAYOUT\LIBRARY\DIP100B.LLB
Thu Apr 07 20:25:10 Loaded file C:\ORCADWIN\LAYOUT\LIBRARY\DSUBT.LLB
Thu Apr 07 20:25:10 Loaded file C:\ORCADWIN\LAYOUT\LIBRARY\JUMPER.LLB
Thu Apr 07 20:25:10 Loaded file C:\ORCADWIN\LAYOUT\LIBRARY\SM.LLB
Thu Apr 07 20:25:10 Loaded file C:\ORCADWIN\LAYOUT\LIBRARY\TM_CAP_P.LLB
Thu Apr 07 20:25:10 Loaded file C:\ORCADWIN\LAYOUT\library\sheet05.llb
Thu Apr 07 20:25:10 Unable to find Alternate Footprint: SOG.050/14/WG.244/L.375
Thu Apr 07 20:25:10 Loaded file C:\ORCADWIN\LAYOUT\LIBRARY\TO.LLB
Thu Apr 07 20:25:10 Loaded file C:\ORCADWIN\LAYOUT\LIBRARY\SOJ.LLB
Thu Apr 07 20:25:10 Loaded file C:\ORCADWIN\LAYOUT\LIBRARY\DIP100T.LLB
Thu Apr 07 20:25:10 Loaded file C:\ORCADWIN\LAYOUT\LIBRARY\DIP100B.LLB
Thu Apr 07 20:25:10 Loaded file C:\ORCADWIN\LAYOUT\LIBRARY\DSUBT.LLB
Thu Apr 07 20:25:10 Loaded file C:\ORCADWIN\LAYOUT\LIBRARY\JUMPER.LLB
Thu Apr 07 20:25:10 Loaded file C:\ORCADWIN\LAYOUT\LIBRARY\SM.LLB
Thu Apr 07 20:25:10 Loaded file C:\ORCADWIN\LAYOUT\LIBRARY\TM_CAP_P.LLB
Thu Apr 07 20:25:10 Loaded file C:\ORCADWIN\LAYOUT\library\sheet05.llb
Thu Apr 07 20:25:10 Unable to find Alternate Footprint: SOG.050/14/WG.244/L.375
Thu Apr 07 20:25:10 Loaded file C:\ORCADWIN\LAYOUT\LIBRARY\TO.LLB
Thu Apr 07 20:25:10 Loaded file C:\ORCADWIN\LAYOUT\LIBRARY\SOJ.LLB
Thu Apr 07 20:25:10 Loaded file C:\ORCADWIN\LAYOUT\LIBRARY\DIP100T.LLB
Thu Apr 07 20:25:10 Loaded file C:\ORCADWIN\LAYOUT\LIBRARY\DIP100B.LLB
Thu Apr 07 20:25:10 Loaded file C:\ORCADWIN\LAYOUT\LIBRARY\DSUBT.LLB
Thu Apr 07 20:25:10 Loaded file C:\ORCADWIN\LAYOUT\LIBRARY\JUMPER.LLB
Thu Apr 07 20:25:10 Loaded file C:\ORCADWIN\LAYOUT\LIBRARY\SM.LLB
Thu Apr 07 20:25:10 Loaded file C:\ORCADWIN\LAYOUT\LIBRARY\TM_CAP_P.LLB
Thu Apr 07 20:25:10 Loaded file C:\ORCADWIN\LAYOUT\library\sheet05.llb
Thu Apr 07 20:25:10 Unable to find Alternate Footprint: SOG.050/14/WG.244/L.375
Thu Apr 07 20:25:10 Loaded file C:\ORCADWIN\LAYOUT\LIBRARY\TO.LLB
Thu Apr 07 20:25:10 Loaded file C:\ORCADWIN\LAYOUT\LIBRARY\SOJ.LLB
Thu Apr 07 20:25:10 Loaded file C:\ORCADWIN\LAYOUT\LIBRARY\DIP100T.LLB
Thu Apr 07 20:25:10 Loaded file C:\ORCADWIN\LAYOUT\LIBRARY\DIP100B.LLB
Thu Apr 07 20:25:10 Loaded file C:\ORCADWIN\LAYOUT\LIBRARY\DSUBT.LLB
Thu Apr 07 20:25:10 Loaded file C:\ORCADWIN\LAYOUT\LIBRARY\JUMPER.LLB
Thu Apr 07 20:25:10 Loaded file C:\ORCADWIN\LAYOUT\LIBRARY\SM.LLB
Thu Apr 07 20:25:10 Loaded file C:\ORCADWIN\LAYOUT\LIBRARY\TM_CAP_P.LLB
Thu Apr 07 20:25:10 Loaded file C:\ORCADWIN\LAYOUT\library\sheet05.llb
Thu Apr 07 20:25:10 Unable to find Alternate Footprint: SOG.050/14/WG.244/L.375
Thu Apr 07 20:25:10 Loaded file C:\ORCADWIN\LAYOUT\LIBRARY\TO.LLB
Thu Apr 07 20:25:10 Loaded file C:\ORCADWIN\LAYOUT\LIBRARY\SOJ.LLB
Thu Apr 07 20:25:10 Loaded file C:\ORCADWIN\LAYOUT\LIBRARY\DIP100T.LLB
Thu Apr 07 20:25:10 Loaded file C:\ORCADWIN\LAYOUT\LIBRARY\DIP100B.LLB
Thu Apr 07 20:25:10 Loaded file C:\ORCADWIN\LAYOUT\LIBRARY\DSUBT.LLB
Thu Apr 07 20:25:10 Loaded file C:\ORCADWIN\LAYOUT\LIBRARY\JUMPER.LLB
Thu Apr 07 20:25:10 Loaded file C:\ORCADWIN\LAYOUT\LIBRARY\SM.LLB
Thu Apr 07 20:25:10 Loaded file C:\ORCADWIN\LAYOUT\LIBRARY\TM_CAP_P.LLB
Thu Apr 07 20:25:10 Loaded file C:\ORCADWIN\LAYOUT\library\sheet05.llb
Thu Apr 07 20:25:10 Unable to find Alternate Footprint: SOG.050/14/WG.244/L.375
Thu Apr 07 20:25:10 Loaded file C:\ORCADWIN\LAYOUT\LIBRARY\TO.LLB
Thu Apr 07 20:25:10 Loaded file C:\ORCADWIN\LAYOUT\LIBRARY\SOJ.LLB
Thu Apr 07 20:25:10 Loaded file C:\ORCADWIN\LAYOUT\LIBRARY\DIP100T.LLB
Thu Apr 07 20:25:10 Loaded file C:\ORCADWIN\LAYOUT\LIBRARY\DIP100B.LLB
Thu Apr 07 20:25:10 Loaded file C:\ORCADWIN\LAYOUT\LIBRARY\DSUBT.LLB
Thu Apr 07 20:25:10 Loaded file C:\ORCADWIN\LAYOUT\LIBRARY\JUMPER.LLB
Thu Apr 07 20:25:10 Loaded file C:\ORCADWIN\LAYOUT\LIBRARY\SM.LLB
Thu Apr 07 20:25:10 Loaded file C:\ORCADWIN\LAYOUT\LIBRARY\TM_CAP_P.LLB
Thu Apr 07 20:25:10 Loaded file C:\ORCADWIN\LAYOUT\library\sheet05.llb
Thu Apr 07 20:25:10 Unable to find Alternate Footprint: SOG.050/14/WG.244/L.375
Thu Apr 07 20:25:10 Loaded file C:\ORCADWIN\LAYOUT\LIBRARY\TO.LLB
Thu Apr 07 20:25:10 Loaded file C:\ORCADWIN\LAYOUT\LIBRARY\SOJ.LLB
Thu Apr 07 20:25:10 Loaded file C:\ORCADWIN\LAYOUT\LIBRARY\DIP100T.LLB
Thu Apr 07 20:25:10 Loaded file C:\ORCADWIN\LAYOUT\LIBRARY\DIP100B.LLB
Thu Apr 07 20:25:10 Loaded file C:\ORCADWIN\LAYOUT\LIBRARY\DSUBT.LLB
Thu Apr 07 20:25:10 Loaded file C:\ORCADWIN\LAYOUT\LIBRARY\JUMPER.LLB
Thu Apr 07 20:25:10 Loaded file C:\ORCADWIN\LAYOUT\LIBRARY\SM.LLB
Thu Apr 07 20:25:10 Loaded file C:\ORCADWIN\LAYOUT\LIBRARY\TM_CAP_P.LLB
Thu Apr 07 20:25:10 Loaded file C:\ORCADWIN\LAYOUT\library\sheet05.llb
Thu Apr 07 20:25:10 Unable to find Alternate Footprint: SOG.050/14/WG.244/L.375
Thu Apr 07 20:25:10 Loaded file C:\ORCADWIN\LAYOUT\LIBRARY\TO.LLB
Thu Apr 07 20:25:10 Loaded file C:\ORCADWIN\LAYOUT\LIBRARY\SOJ.LLB
Thu Apr 07 20:25:10 Loaded file C:\ORCADWIN\LAYOUT\LIBRARY\DIP100T.LLB
Thu Apr 07 20:25:10 Loaded file C:\ORCADWIN\LAYOUT\LIBRARY\DIP100B.LLB
Thu Apr 07 20:25:10 Loaded file C:\ORCADWIN\LAYOUT\LIBRARY\DSUBT.LLB
Thu Apr 07 20:25:10 Loaded file C:\ORCADWIN\LAYOUT\LIBRARY\JUMPER.LLB
Thu Apr 07 20:25:10 Loaded file C:\ORCADWIN\LAYOUT\LIBRARY\SM.LLB
Thu Apr 07 20:25:10 Loaded file C:\ORCADWIN\LAYOUT\LIBRARY\TM_CAP_P.LLB
Thu Apr 07 20:25:10 Loaded file C:\ORCADWIN\LAYOUT\library\sheet05.llb
Thu Apr 07 20:25:10 Unable to find Alternate Footprint: SOG.050/14/WG.244/L.375
Thu Apr 07 20:25:10 Loaded file C:\ORCADWIN\LAYOUT\LIBRARY\TO.LLB
Thu Apr 07 20:25:10 Loaded file C:\ORCADWIN\LAYOUT\LIBRARY\SOJ.LLB
Thu Apr 07 20:25:10 Loaded file C:\ORCADWIN\LAYOUT\LIBRARY\DIP100T.LLB
Thu Apr 07 20:25:10 Loaded file C:\ORCADWIN\LAYOUT\LIBRARY\DIP100B.LLB
Thu Apr 07 20:25:10 Loaded file C:\ORCADWIN\LAYOUT\LIBRARY\DSUBT.LLB
Thu Apr 07 20:25:10 Loaded file C:\ORCADWIN\LAYOUT\LIBRARY\JUMPER.LLB
Thu Apr 07 20:25:10 Loaded file C:\ORCADWIN\LAYOUT\LIBRARY\SM.LLB
Thu Apr 07 20:25:10 Loaded file C:\ORCADWIN\LAYOUT\LIBRARY\TM_CAP_P.LLB
Thu Apr 07 20:25:10 Loaded file C:\ORCADWIN\LAYOUT\library\sheet05.llb
Thu Apr 07 20:25:10 Unable to find Alternate Footprint: SOG.050/14/WG.244/L.375
Thu Apr 07 20:25:10 Loaded file C:\ORCADWIN\LAYOUT\LIBRARY\TO.LLB
Thu Apr 07 20:25:10 Loaded file C:\ORCADWIN\LAYOUT\LIBRARY\SOJ.LLB
Thu Apr 07 20:25:10 Loaded file C:\ORCADWIN\LAYOUT\LIBRARY\DIP100T.LLB
Thu Apr 07 20:25:10 Loaded file C:\ORCADWIN\LAYOUT\LIBRARY\DIP100B.LLB
Thu Apr 07 20:25:10 Loaded file C:\ORCADWIN\LAYOUT\LIBRARY\DSUBT.LLB
Thu Apr 07 20:25:10 Loaded file C:\ORCADWIN\LAYOUT\LIBRARY\JUMPER.LLB
Thu Apr 07 20:25:10 Loaded file C:\ORCADWIN\LAYOUT\LIBRARY\SM.LLB
Thu Apr 07 20:25:10 Loaded file C:\ORCADWIN\LAYOUT\LIBRARY\TM_CAP_P.LLB
Thu Apr 07 20:25:10 Loaded file C:\ORCADWIN\LAYOUT\library\sheet05.llb
Thu Apr 07 20:25:10 Unable to find Alternate Footprint: SOG.050/14/WG.244/L.375
Thu Apr 07 20:25:10 Loaded file C:\ORCADWIN\LAYOUT\LIBRARY\TO.LLB
Thu Apr 07 20:25:10 Loaded file C:\ORCADWIN\LAYOUT\LIBRARY\SOJ.LLB
Thu Apr 07 20:25:10 Loaded file C:\ORCADWIN\LAYOUT\LIBRARY\DIP100T.LLB
Thu Apr 07 20:25:10 Loaded file C:\ORCADWIN\LAYOUT\LIBRARY\DIP100B.LLB
Thu Apr 07 20:25:10 Loaded file C:\ORCADWIN\LAYOUT\LIBRARY\DSUBT.LLB
Thu Apr 07 20:25:10 Loaded file C:\ORCADWIN\LAYOUT\LIBRARY\JUMPER.LLB
Thu Apr 07 20:25:10 Loaded file C:\ORCADWIN\LAYOUT\LIBRARY\SM.LLB
Thu Apr 07 20:25:10 Loaded file C:\ORCADWIN\LAYOUT\LIBRARY\TM_CAP_P.LLB
Thu Apr 07 20:25:10 Loaded file C:\ORCADWIN\LAYOUT\library\sheet05.llb
Thu Apr 07 20:25:10 Unable to find Alternate Footprint: SOG.050/14/WG.244/L.375
Thu Apr 07 20:25:10 Loaded file C:\ORCADWIN\LAYOUT\LIBRARY\TO.LLB
Thu Apr 07 20:25:10 Loaded file C:\ORCADWIN\LAYOUT\LIBRARY\SOJ.LLB
Thu Apr 07 20:25:10 Loaded file C:\ORCADWIN\LAYOUT\LIBRARY\DIP100T.LLB
Thu Apr 07 20:25:10 Loaded file C:\ORCADWIN\LAYOUT\LIBRARY\DIP100B.LLB
Thu Apr 07 20:25:10 Loaded file C:\ORCADWIN\LAYOUT\LIBRARY\DSUBT.LLB
Thu Apr 07 20:25:10 Loaded file C:\ORCADWIN\LAYOUT\LIBRARY\JUMPER.LLB
Thu Apr 07 20:25:10 Loaded file C:\ORCADWIN\LAYOUT\LIBRARY\SM.LLB
Thu Apr 07 20:25:10 Loaded file C:\ORCADWIN\LAYOUT\LIBRARY\TM_CAP_P.LLB
Thu Apr 07 20:25:10 Loaded file C:\ORCADWIN\LAYOUT\library\sheet05.llb
Thu Apr 07 20:25:10 Unable to find Alternate Footprint: SOG.050/14/WG.244/L.375
Thu Apr 07 20:25:10 Loaded file C:\ORCADWIN\LAYOUT\LIBRARY\TO.LLB
Thu Apr 07 20:25:10 Loaded file C:\ORCADWIN\LAYOUT\LIBRARY\SOJ.LLB
Thu Apr 07 20:25:10 Loaded file C:\ORCADWIN\LAYOUT\LIBRARY\DIP100T.LLB
Thu Apr 07 20:25:10 Loaded file C:\ORCADWIN\LAYOUT\LIBRARY\DIP100B.LLB
Thu Apr 07 20:25:10 Loaded file C:\ORCADWIN\LAYOUT\LIBRARY\DSUBT.LLB
Thu Apr 07 20:25:10 Loaded file C:\ORCADWIN\LAYOUT\LIBRARY\JUMPER.LLB
Thu Apr 07 20:25:10 Loaded file C:\ORCADWIN\LAYOUT\LIBRARY\SM.LLB
Thu Apr 07 20:25:10 Loaded file C:\ORCADWIN\LAYOUT\LIBRARY\TM_CAP_P.LLB
Thu Apr 07 20:25:10 Loaded file C:\ORCADWIN\LAYOUT\library\sheet05.llb
Thu Apr 07 20:25:10 Unable to find Alternate Footprint: SOG.050/14/WG.244/L.375
Thu Apr 07 20:25:10 Loaded file C:\ORCADWIN\LAYOUT\LIBRARY\TO.LLB
Thu Apr 07 20:25:10 Loaded file C:\ORCADWIN\LAYOUT\LIBRARY\SOJ.LLB
Thu Apr 07 20:25:10 Loaded file C:\ORCADWIN\LAYOUT\LIBRARY\DIP100T.LLB
Thu Apr 07 20:25:10 Loaded file C:\ORCADWIN\LAYOUT\LIBRARY\DIP100B.LLB
Thu Apr 07 20:25:10 Loaded file C:\ORCADWIN\LAYOUT\LIBRARY\DSUBT.LLB
Thu Apr 07 20:25:10 Loaded file C:\ORCADWIN\LAYOUT\LIBRARY\JUMPER.LLB
Thu Apr 07 20:25:10 Loaded file C:\ORCADWIN\LAYOUT\LIBRARY\SM.LLB
Thu Apr 07 20:25:10 Loaded file C:\ORCADWIN\LAYOUT\LIBRARY\TM_CAP_P.LLB
Thu Apr 07 20:25:10 Loaded file C:\ORCADWIN\LAYOUT\library\sheet05.llb
Thu Apr 07 20:25:10 Unable to find Alternate Footprint: SOG.050/14/WG.244/L.375
Thu Apr 07 20:25:10 Loaded file C:\ORCADWIN\LAYOUT\LIBRARY\TO.LLB
Thu Apr 07 20:25:10 Loaded file C:\ORCADWIN\LAYOUT\LIBRARY\SOJ.LLB
Thu Apr 07 20:25:10 Loaded file C:\ORCADWIN\LAYOUT\LIBRARY\DIP100T.LLB
Thu Apr 07 20:25:10 Loaded file C:\ORCADWIN\LAYOUT\LIBRARY\DIP100B.LLB
Thu Apr 07 20:25:10 Loaded file C:\ORCADWIN\LAYOUT\LIBRARY\DSUBT.LLB
Thu Apr 07 20:25:10 Loaded file C:\ORCADWIN\LAYOUT\LIBRARY\JUMPER.LLB
Thu Apr 07 20:25:10 Loaded file C:\ORCADWIN\LAYOUT\LIBRARY\SM.LLB
Thu Apr 07 20:25:10 Loaded file C:\ORCADWIN\LAYOUT\LIBRARY\TM_CAP_P.LLB
Thu Apr 07 20:25:10 Loaded file C:\ORCADWIN\LAYOUT\library\sheet05.llb
Thu Apr 07 20:25:10 Unable to find Alternate Footprint: SOG.050/14/WG.244/L.375
Thu Apr 07 20:25:10 Loaded file C:\ORCADWIN\LAYOUT\LIBRARY\TO.LLB
Thu Apr 07 20:25:10 Loaded file C:\ORCADWIN\LAYOUT\LIBRARY\SOJ.LLB
Thu Apr 07 20:25:10 Loaded file C:\ORCADWIN\LAYOUT\LIBRARY\DIP100T.LLB
Thu Apr 07 20:25:10 Loaded file C:\ORCADWIN\LAYOUT\LIBRARY\DIP100B.LLB
Thu Apr 07 20:25:10 Loaded file C:\ORCADWIN\LAYOUT\LIBRARY\DSUBT.LLB
Thu Apr 07 20:25:10 Loaded file C:\ORCADWIN\LAYOUT\LIBRARY\JUMPER.LLB
Thu Apr 07 20:25:10 Loaded file C:\ORCADWIN\LAYOUT\LIBRARY\SM.LLB
Thu Apr 07 20:25:10 Loaded file C:\ORCADWIN\LAYOUT\LIBRARY\TM_CAP_P.LLB
Thu Apr 07 20:25:10 Loaded file C:\ORCADWIN\LAYOUT\library\sheet05.llb
Thu Apr 07 20:25:10 Unable to find Alternate Footprint: SOG.050/14/WG.244/L.375
Thu Apr 07 20:25:10 Loaded file C:\ORCADWIN\LAYOUT\LIBRARY\TO.LLB
Thu Apr 07 20:25:10 Loaded file C:\ORCADWIN\LAYOUT\LIBRARY\SOJ.LLB
Thu Apr 07 20:25:10 Loaded file C:\ORCADWIN\LAYOUT\LIBRARY\DIP100T.LLB
Thu Apr 07 20:25:10 Loaded file C:\ORCADWIN\LAYOUT\LIBRARY\DIP100B.LLB
Thu Apr 07 20:25:10 Loaded file C:\ORCADWIN\LAYOUT\LIBRARY\DSUBT.LLB
Thu Apr 07 20:25:10 Loaded file C:\ORCADWIN\LAYOUT\LIBRARY\JUMPER.LLB
Thu Apr 07 20:25:10 Loaded file C:\ORCADWIN\LAYOUT\LIBRARY\SM.LLB
Thu Apr 07 20:25:10 Loaded file C:\ORCADWIN\LAYOUT\LIBRARY\TM_CAP_P.LLB
Thu Apr 07 20:25:10 Loaded file C:\ORCADWIN\LAYOUT\library\sheet05.llb
Thu Apr 07 20:25:10 Unable to find Alternate Footprint: SOG.050/14/WG.244/L.375
Thu Apr 07 20:25:10 Loaded file C:\ORCADWIN\LAYOUT\LIBRARY\TO.LLB
Thu Apr 07 20:25:10 Loaded file C:\ORCADWIN\LAYOUT\LIBRARY\SOJ.LLB
Thu Apr 07 20:25:10 Loaded file C:\ORCADWIN\LAYOUT\LIBRARY\DIP100T.LLB
Thu Apr 07 20:25:10 Loaded file C:\ORCADWIN\LAYOUT\LIBRARY\DIP100B.LLB
Thu Apr 07 20:25:10 Loaded file C:\ORCADWIN\LAYOUT\LIBRARY\DSUBT.LLB
Thu Apr 07 20:25:10 Loaded file C:\ORCADWIN\LAYOUT\LIBRARY\JUMPER.LLB
Thu Apr 07 20:25:10 Loaded file C:\ORCADWIN\LAYOUT\LIBRARY\SM.LLB
Thu Apr 07 20:25:10 Loaded file C:\ORCADWIN\LAYOUT\LIBRARY\TM_CAP_P.LLB
Thu Apr 07 20:25:10 Loaded file C:\ORCADWIN\LAYOUT\library\sheet05.llb
Thu Apr 07 20:25:10 Unable to find Alternate Footprint: SOG.050/14/WG.244/L.375
Thu Apr 07 20:25:10 Loaded file C:\ORCADWIN\LAYOUT\LIBRARY\TO.LLB
Thu Apr 07 20:25:10 Loaded file C:\ORCADWIN\LAYOUT\LIBRARY\SOJ.LLB
Thu Apr 07 20:25:10 Loaded file C:\ORCADWIN\LAYOUT\LIBRARY\DIP100T.LLB
Thu Apr 07 20:25:10 Loaded file C:\ORCADWIN\LAYOUT\LIBRARY\DIP100B.LLB
Thu Apr 07 20:25:10 Loaded file C:\ORCADWIN\LAYOUT\LIBRARY\DSUBT.LLB
Thu Apr 07 20:25:10 Loaded file C:\ORCADWIN\LAYOUT\LIBRARY\JUMPER.LLB
Thu Apr 07 20:25:10 Loaded file C:\ORCADWIN\LAYOUT\LIBRARY\SM.LLB
Thu Apr 07 20:25:10 Loaded file C:\ORCADWIN\LAYOUT\LIBRARY\TM_CAP_P.LLB
Thu Apr 07 20:25:10 Loaded file C:\ORCADWIN\LAYOUT\library\sheet05.llb
Thu Apr 07 20:25:10 Unable to find Alternate Footprint: SOG.050/14/WG.244/L.375
Thu Apr 07 20:25:10 Loaded file C:\ORCADWIN\LAYOUT\LIBRARY\TO.LLB
Thu Apr 07 20:25:10 Loaded file C:\ORCADWIN\LAYOUT\LIBRARY\SOJ.LLB
Thu Apr 07 20:25:10 Loaded file C:\ORCADWIN\LAYOUT\LIBRARY\DIP100T.LLB
Thu Apr 07 20:25:10 Loaded file C:\ORCADWIN\LAYOUT\LIBRARY\DIP100B.LLB
Thu Apr 07 20:25:10 Loaded file C:\ORCADWIN\LAYOUT\LIBRARY\DSUBT.LLB
Thu Apr 07 20:25:10 Loaded file C:\ORCADWIN\LAYOUT\LIBRARY\JUMPER.LLB
Thu Apr 07 20:25:10 Loaded file C:\ORCADWIN\LAYOUT\LIBRARY\SM.LLB
Thu Apr 07 20:25:10 Loaded file C:\ORCADWIN\LAYOUT\LIBRARY\TM_CAP_P.LLB
Thu Apr 07 20:25:10 Loaded file C:\ORCADWIN\LAYOUT\library\sheet05.llb
Thu Apr 07 20:25:10 Unable to find Alternate Footprint: SOG.050/14/WG.244/L.375
Thu Apr 07 20:25:10 Loaded file C:\ORCADWIN\LAYOUT\LIBRARY\TO.LLB
Thu Apr 07 20:25:10 Loaded file C:\ORCADWIN\LAYOUT\LIBRARY\SOJ.LLB
Thu Apr 07 20:25:10 Loaded file C:\ORCADWIN\LAYOUT\LIBRARY\DIP100T.LLB
Thu Apr 07 20:25:10 Loaded file C:\ORCADWIN\LAYOUT\LIBRARY\DIP100B.LLB
Thu Apr 07 20:25:10 Loaded file C:\ORCADWIN\LAYOUT\LIBRARY\DSUBT.LLB
Thu Apr 07 20:25:10 Loaded file C:\ORCADWIN\LAYOUT\LIBRARY\JUMPER.LLB
Thu Apr 07 20:25:10 Loaded file C:\ORCADWIN\LAYOUT\LIBRARY\SM.LLB
Thu Apr 07 20:25:10 Loaded file C:\ORCADWIN\LAYOUT\LIBRARY\TM_CAP_P.LLB
Thu Apr 07 20:25:10 Loaded file C:\ORCADWIN\LAYOUT\library\sheet05.llb
Thu Apr 07 20:25:10 Unable to find Alternate Footprint: SOG.050/14/WG.244/L.375
Thu Apr 07 20:25:10 Loaded file C:\ORCADWIN\LAYOUT\LIBRARY\TO.LLB
Thu Apr 07 20:25:10 Loaded file C:\ORCADWIN\LAYOUT\LIBRARY\SOJ.LLB
Thu Apr 07 20:25:10 Loaded file C:\ORCADWIN\LAYOUT\LIBRARY\DIP100T.LLB
Thu Apr 07 20:25:10 Loaded file C:\ORCADWIN\LAYOUT\LIBRARY\DIP100B.LLB
Thu Apr 07 20:25:10 Loaded file C:\ORCADWIN\LAYOUT\LIBRARY\DSUBT.LLB
Thu Apr 07 20:25:10 Loaded file C:\ORCADWIN\LAYOUT\LIBRARY\JUMPER.LLB
Thu Apr 07 20:25:10 Loaded file C:\ORCADWIN\LAYOUT\LIBRARY\SM.LLB
Thu Apr 07 20:25:10 Loaded file C:\ORCADWIN\LAYOUT\LIBRARY\TM_CAP_P.LLB
Thu Apr 07 20:25:10 Loaded file C:\ORCADWIN\LAYOUT\library\sheet05.llb
Thu Apr 07 20:25:10 Unable to find Alternate Footprint: SOG.050/14/WG.244/L.375
Thu Apr 07 20:25:10 Loaded file C:\ORCADWIN\LAYOUT\LIBRARY\TO.LLB
Thu Apr 07 20:25:10 Loaded file C:\ORCADWIN\LAYOUT\LIBRARY\SOJ.LLB
Thu Apr 07 20:25:10 Loaded file C:\ORCADWIN\LAYOUT\LIBRARY\DIP100T.LLB
Thu Apr 07 20:25:10 Loaded file C:\ORCADWIN\LAYOUT\LIBRARY\DIP100B.LLB
Thu Apr 07 20:25:10 Loaded file C:\ORCADWIN\LAYOUT\LIBRARY\DSUBT.LLB
Thu Apr 07 20:25:10 Loaded file C:\ORCADWIN\LAYOUT\LIBRARY\JUMPER.LLB
Thu Apr 07 20:25:10 Loaded file C:\ORCADWIN\LAYOUT\LIBRARY\SM.LLB
Thu Apr 07 20:25:10 Loaded file C:\ORCADWIN\LAYOUT\LIBRARY\TM_CAP_P.LLB
Thu Apr 07 20:25:10 Loaded file C:\ORCADWIN\LAYOUT\library\sheet05.llb
Thu Apr 07 20:25:10 Unable to find Alternate Footprint: SOG.050/14/WG.244/L.375
Thu Apr 07 20:25:10 Loaded file C:\ORCADWIN\LAYOUT\LIBRARY\TO.LLB
Thu Apr 07 20:25:10 Loaded file C:\ORCADWIN\LAYOUT\LIBRARY\SOJ.LLB
Thu Apr 07 20:25:10 Loaded file C:\ORCADWIN\LAYOUT\LIBRARY\DIP100T.LLB
Thu Apr 07 20:25:10 Loaded file C:\ORCADWIN\LAYOUT\LIBRARY\DIP100B.LLB
Thu Apr 07 20:25:10 Loaded file C:\ORCADWIN\LAYOUT\LIBRARY\DSUBT.LLB
Thu Apr 07 20:25:10 Loaded file C:\ORCADWIN\LAYOUT\LIBRARY\JUMPER.LLB
Thu Apr 07 20:25:10 Loaded file C:\ORCADWIN\LAYOUT\LIBRARY\SM.LLB
Thu Apr 07 20:25:10 Loaded file C:\ORCADWIN\LAYOUT\LIBRARY\TM_CAP_P.LLB
Thu Apr 07 20:25:10 Loaded file C:\ORCADWIN\LAYOUT\library\sheet05.llb
Thu Apr 07 20:25:10 Unable to find Alternate Footprint: SOG.050/14/WG.244/L.375
Thu Apr 07 20:25:10 Loaded file C:\ORCADWIN\LAYOUT\LIBRARY\TO.LLB
Thu Apr 07 20:25:10 Loaded file C:\ORCADWIN\LAYOUT\LIBRARY\SOJ.LLB
Thu Apr 07 20:25:10 Loaded file C:\ORCADWIN\LAYOUT\LIBRARY\DIP100T.LLB
Thu Apr 07 20:25:10 Loaded file C:\ORCADWIN\LAYOUT\LIBRARY\DIP100B.LLB
Thu Apr 07 20:25:10 Loaded file C:\ORCADWIN\LAYOUT\LIBRARY\DSUBT.LLB
Thu Apr 07 20:25:10 Loaded file C:\ORCADWIN\LAYOUT\LIBRARY\JUMPER.LLB
Thu Apr 07 20:25:10 Loaded file C:\ORCADWIN\LAYOUT\LIBRARY\SM.LLB
Thu Apr 07 20:25:10 Loaded file C:\ORCADWIN\LAYOUT\LIBRARY\TM_CAP_P.LLB
Thu Apr 07 20:25:10 Loaded file C:\ORCADWIN\LAYOUT\library\sheet05.llb
Thu Apr 07 20:25:10 Unable to find Alternate Footprint: SOG.050/14/WG.244/L.375
Thu Apr 07 20:25:10 Loaded file C:\ORCADWIN\LAYOUT\LIBRARY\TO.LLB
Thu Apr 07 20:25:10 Loaded file C:\ORCADWIN\LAYOUT\LIBRARY\SOJ.LLB
Thu Apr 07 20:25:10 Loaded file C:\ORCADWIN\LAYOUT\LIBRARY\DIP100T.LLB
Thu Apr 07 20:25:10 Loaded file C:\ORCADWIN\LAYOUT\LIBRARY\DIP100B.LLB
Thu Apr 07 20:25:10 Loaded file C:\ORCADWIN\LAYOUT\LIBRARY\DSUBT.LLB
Thu Apr 07 20:25:10 Loaded file C:\ORCADWIN\LAYOUT\LIBRARY\JUMPER.LLB
Thu Apr 07 20:25:10 Loaded file C:\ORCADWIN\LAYOUT\LIBRARY\SM.LLB
Thu Apr 07 20:25:10 Loaded file C:\ORCADWIN\LAYOUT\LIBRARY\TM_CAP_P.LLB
Thu Apr 07 20:25:10 Loaded file C:\ORCADWIN\LAYOUT\library\sheet05.llb
Thu Apr 07 20:25:10 Unable to find Alternate Footprint: SOG.050/14/WG.244/L.375
Thu Apr 07 20:25:10 Loaded file C:\ORCADWIN\LAYOUT\LIBRARY\TO.LLB
Thu Apr 07 20:25:10 Loaded file C:\ORCADWIN\LAYOUT\LIBRARY\SOJ.LLB
Thu Apr 07 20:25:10 Loaded file C:\ORCADWIN\LAYOUT\LIBRARY\DIP100T.LLB
Thu Apr 07 20:25:10 Loaded file C:\ORCADWIN\LAYOUT\LIBRARY\DIP100B.LLB
Thu Apr 07 20:25:10 Loaded file C:\ORCADWIN\LAYOUT\LIBRARY\DSUBT.LLB
Thu Apr 07 20:25:10 Loaded file C:\ORCADWIN\LAYOUT\LIBRARY\JUMPER.LLB
Thu Apr 07 20:25:10 Loaded file C:\ORCADWIN\LAYOUT\LIBRARY\SM.LLB
Thu Apr 07 20:25:10 Loaded file C:\ORCADWIN\LAYOUT\LIBRARY\TM_CAP_P.LLB
Thu Apr 07 20:25:10 Loaded file C:\ORCADWIN\LAYOUT\library\sheet05.llb
Thu Apr 07 20:25:10 Unable to find Alternate Footprint: SOG.050/14/WG.244/L.375
Thu Apr 07 20:25:10 Saved as file C:\DOCUMENTS AND SETTINGS\ALL USERS\DESKTOP\ECAD_LAB\LAB3\LAB3_ORCAD_LAYOUT\LAB3_PCB.MAX
Thu Apr 07 20:25:10 Loaded file C:\DOCUMENTS AND SETTINGS\ALL USERS\DESKTOP\ECAD_LAB\LAB3\LAB3_ORCAD_LAYOUT\LAB3_PCB.MAX
Thu Apr 07 20:25:45 Saved as file C:\DOCUMENTS AND SETTINGS\ALL USERS\DESKTOP\ECAD_LAB\LAB3\LAB3_ORCAD_LAYOUT\LAB3_PCB.MAX
Thu Apr 07 20:25:47 Saved as file PLACE1.MAX
Thu Apr 07 20:25:47 Saved as file PLACE2.MAX
Thu Apr 07 20:25:47 Saved as file PLACE3.MAX
Thu Apr 07 20:25:47 Batch place completed in 00:00:00
Thu Apr 07 20:26:03 Saved as file BACKUP1.MAX
Thu Apr 07 20:26:03 Saved as file BACKUP1.MAX
Thu Apr 07 20:26:03 Saved as file BACKUP1.MAX
Thu Apr 07 20:26:03 Saved as file BACKUP1.MAX
Thu Apr 07 20:26:03 Saved as file BACKUP1.MAX
Thu Apr 07 20:26:03 Saved as file BACKUP1.MAX
Thu Apr 07 20:26:03 Saved as file BACKUP1.MAX
Thu Apr 07 20:26:03 Saved as file BACKUP1.MAX
Thu Apr 07 20:26:03 Saved as file BACKUP1.MAX
Thu Apr 07 20:26:03 Saved as file BACKUP1.MAX
Thu Apr 07 20:26:03 Saved as file BACKUP1.MAX
Thu Apr 07 20:26:03 Saved as file BACKUP1.MAX
Thu Apr 07 20:26:03 Saved as file BACKUP1.MAX
Thu Apr 07 20:26:03 Saved as file BACKUP1.MAX
Thu Apr 07 20:26:03 Saved as file BACKUP1.MAX
Thu Apr 07 20:26:03 Routed 42 connections in 0 seconds.
Thu Apr 07 20:26:03 Total is now 42 out of 164 (25%).
Thu Apr 07 20:26:03 Saved as file SWEEP1.MAX
Thu Apr 07 20:26:03 Saved as file BACKUP1.MAX
Thu Apr 07 20:26:03 Saved as file BACKUP1.MAX
Thu Apr 07 20:26:03 Saved as file BACKUP1.MAX
Thu Apr 07 20:26:03 Saved as file BACKUP1.MAX
Thu Apr 07 20:26:03 Saved as file BACKUP1.MAX
Thu Apr 07 20:26:03 Saved as file BACKUP1.MAX
Thu Apr 07 20:26:03 Saved as file BACKUP1.MAX
Thu Apr 07 20:26:03 Saved as file BACKUP1.MAX
Thu Apr 07 20:26:03 Saved as file BACKUP1.MAX
Thu Apr 07 20:26:03 Saved as file BACKUP1.MAX
Thu Apr 07 20:26:03 Saved as file BACKUP1.MAX
Thu Apr 07 20:26:03 Saved as file BACKUP1.MAX
Thu Apr 07 20:26:04 Saved as file BACKUP1.MAX
Thu Apr 07 20:26:04 Saved as file BACKUP1.MAX
Thu Apr 07 20:26:04 Saved as file BACKUP1.MAX
Thu Apr 07 20:26:04 Routed 179 connections in 1 seconds.
Thu Apr 07 20:26:04 Total is now 164 out of 164 (100%).
Thu Apr 07 20:26:04 Saved as file SWEEP2.MAX
Thu Apr 07 20:26:04 No new connections routed.
Thu Apr 07 20:26:04 Total is now 164 out of 164 (100%).
Thu Apr 07 20:26:04 Saved as file SWEEP3.MAX
Thu Apr 07 20:26:04 No new connections routed.
Thu Apr 07 20:26:04 Total is now 164 out of 164 (100%).
Thu Apr 07 20:26:04 Saved as file SWEEP4.MAX
Thu Apr 07 20:26:04 No new connections routed.
Thu Apr 07 20:26:04 Total is now 164 out of 164 (100%).
Thu Apr 07 20:26:04 Saved as file SWEEP5.MAX
Thu Apr 07 20:27:16 Saved as file C:\DOCUMENTS AND SETTINGS\ALL USERS\DESKTOP\ECAD_LAB\LAB3\LAB3_ORCAD_LAYOUT\PARADOTEO2LAYER.MAX
Thu Apr 07 20:27:26 Loaded file C:\DOCUMENTS AND SETTINGS\ALL USERS\DESKTOP\ECAD_LAB\LAB3\LAB3_ORCAD_LAYOUT\LAB3_PCB.MAX
Thu Apr 07 20:28:04 Saved as file PLACE1.MAX
Thu Apr 07 20:28:04 Saved as file PLACE2.MAX
Thu Apr 07 20:28:04 Saved as file PLACE3.MAX
Thu Apr 07 20:28:04 Batch place completed in 00:00:00
Thu Apr 07 20:28:12 Saved as file BACKUP1.MAX
Thu Apr 07 20:28:12 Saved as file BACKUP1.MAX
Thu Apr 07 20:28:12 Saved as file BACKUP1.MAX
Thu Apr 07 20:28:12 Saved as file BACKUP1.MAX
Thu Apr 07 20:28:12 Saved as file BACKUP1.MAX
Thu Apr 07 20:28:12 Saved as file BACKUP1.MAX
Thu Apr 07 20:28:12 Saved as file BACKUP1.MAX
Thu Apr 07 20:28:12 Saved as file BACKUP1.MAX
Thu Apr 07 20:28:12 Saved as file BACKUP1.MAX
Thu Apr 07 20:28:12 Saved as file BACKUP1.MAX
Thu Apr 07 20:28:12 Saved as file BACKUP1.MAX
Thu Apr 07 20:28:12 Saved as file BACKUP1.MAX
Thu Apr 07 20:28:12 Saved as file BACKUP1.MAX
Thu Apr 07 20:28:12 Saved as file BACKUP1.MAX
Thu Apr 07 20:28:12 Saved as file BACKUP1.MAX
Thu Apr 07 20:28:12 Routed 28 connections in 0 seconds.
Thu Apr 07 20:28:12 Total is now 28 out of 164 (17%).
Thu Apr 07 20:28:12 Saved as file SWEEP1.MAX
Thu Apr 07 20:28:12 Saved as file BACKUP1.MAX
Thu Apr 07 20:28:12 Saved as file BACKUP1.MAX
Thu Apr 07 20:28:12 Saved as file BACKUP1.MAX
Thu Apr 07 20:28:12 Saved as file BACKUP1.MAX
Thu Apr 07 20:28:12 Saved as file BACKUP1.MAX
Thu Apr 07 20:28:12 Saved as file BACKUP1.MAX
Thu Apr 07 20:28:12 Saved as file BACKUP1.MAX
Thu Apr 07 20:28:12 Saved as file BACKUP1.MAX
Thu Apr 07 20:28:12 Saved as file BACKUP1.MAX
Thu Apr 07 20:28:12 Saved as file BACKUP1.MAX
Thu Apr 07 20:28:12 Saved as file BACKUP1.MAX
Thu Apr 07 20:28:12 Saved as file BACKUP1.MAX
Thu Apr 07 20:28:13 Saved as file BACKUP1.MAX
Thu Apr 07 20:28:13 Saved as file BACKUP1.MAX
Thu Apr 07 20:28:13 Saved as file BACKUP1.MAX
Thu Apr 07 20:28:13 Saved as file BACKUP1.MAX
Thu Apr 07 20:28:13 Routed 83 connections in 0 seconds.
Thu Apr 07 20:28:13 Total is now 57 out of 164 (34%).
Thu Apr 07 20:28:13 Saved as file SWEEP2.MAX
Thu Apr 07 20:28:42 Routed 53 connections in 29 seconds.
Thu Apr 07 20:28:42 Total is now 113 out of 164 (68%).
Thu Apr 07 20:28:42 Saved as file SWEEP3.MAX
Thu Apr 07 20:31:36 Routed 5 connections in  2.9 minutes.
Thu Apr 07 20:31:36 Total is now 116 out of 164 (70%).
Thu Apr 07 20:31:36 Saved as file SWEEP4.MAX
Thu Apr 07 20:35:20 Saved as file BACKUP1.MAX
Thu Apr 07 20:37:21 Loaded file C:\DOCUMENTS AND SETTINGS\ALL USERS\DESKTOP\ECAD_LAB\LAB3\LAB3_ORCAD_LAYOUT\LAB3_PCB.MAX
Thu Apr 07 20:44:26 Saved as file BACKUP1.MAX
Thu Apr 07 20:44:26 Saved as file PLACE1.MAX
Thu Apr 07 20:44:26 Saved as file PLACE2.MAX
Thu Apr 07 20:44:26 Saved as file PLACE3.MAX
Thu Apr 07 20:44:26 Batch place completed in 00:00:00
Thu Apr 07 20:45:07 Loaded file C:\ORCADWIN\LAYOUT\library\padstack.llb
Thu Apr 07 20:47:20 Saved as file BACKUP1.MAX
Thu Apr 07 20:49:18 Saved as file BACKUP1.MAX
Thu Apr 07 20:49:18 Saved as file BACKUP1.MAX
Thu Apr 07 20:49:18 Saved as file BACKUP1.MAX
Thu Apr 07 20:49:18 Saved as file BACKUP1.MAX
Thu Apr 07 20:49:18 Saved as file BACKUP1.MAX
Thu Apr 07 20:49:18 Saved as file BACKUP1.MAX
Thu Apr 07 20:49:18 Saved as file BACKUP1.MAX
Thu Apr 07 20:49:18 Saved as file BACKUP1.MAX
Thu Apr 07 20:49:18 Saved as file BACKUP1.MAX
Thu Apr 07 20:49:18 Saved as file BACKUP1.MAX
Thu Apr 07 20:49:18 Saved as file BACKUP1.MAX
Thu Apr 07 20:49:18 Saved as file BACKUP1.MAX
Thu Apr 07 20:49:18 Saved as file BACKUP1.MAX
Thu Apr 07 20:49:18 Saved as file BACKUP1.MAX
Thu Apr 07 20:49:18 Saved as file BACKUP1.MAX
Thu Apr 07 20:49:18 Saved as file BACKUP1.MAX
Thu Apr 07 20:49:18 Saved as file BACKUP1.MAX
Thu Apr 07 20:49:18 Saved as file BACKUP1.MAX
Thu Apr 07 20:49:18 Routed 28 connections in 0 seconds.
Thu Apr 07 20:49:18 Total is now 28 out of 164 (17%).
Thu Apr 07 20:49:18 Saved as file SWEEP1.MAX
Thu Apr 07 20:49:18 Saved as file BACKUP1.MAX
Thu Apr 07 20:49:19 Saved as file BACKUP1.MAX
Thu Apr 07 20:49:21 Saved as file BACKUP1.MAX
Thu Apr 07 20:49:22 Saved as file BACKUP1.MAX
Thu Apr 07 20:49:22 Saved as file BACKUP1.MAX
Thu Apr 07 20:49:22 Saved as file BACKUP1.MAX
Thu Apr 07 20:49:22 Saved as file BACKUP1.MAX
Thu Apr 07 20:49:22 Saved as file BACKUP1.MAX
Thu Apr 07 20:49:22 Saved as file BACKUP1.MAX
Thu Apr 07 20:49:22 Saved as file BACKUP1.MAX
Thu Apr 07 20:49:22 Saved as file BACKUP1.MAX
Thu Apr 07 20:49:22 Saved as file BACKUP1.MAX
Thu Apr 07 20:49:22 Saved as file BACKUP1.MAX
Thu Apr 07 20:49:22 Saved as file BACKUP1.MAX
Thu Apr 07 20:49:22 Saved as file BACKUP1.MAX
Thu Apr 07 20:49:22 Saved as file BACKUP1.MAX
Thu Apr 07 20:49:22 Saved as file BACKUP1.MAX
Thu Apr 07 20:49:22 Routed 130 connections in 4 seconds.
Thu Apr 07 20:49:22 Total is now 74 out of 164 (45%).
Thu Apr 07 20:49:22 Saved as file SWEEP2.MAX
Thu Apr 07 20:49:48 Routed 34 connections in 26 seconds.
Thu Apr 07 20:49:48 Total is now 108 out of 164 (65%).
Thu Apr 07 20:49:48 Saved as file SWEEP3.MAX
Thu Apr 07 20:51:02 Loaded file C:\DOCUMENTS AND SETTINGS\ALL USERS\DESKTOP\ECAD_LAB\LAB3\LAB3_ORCAD_LAYOUT\LAB3_PCB.MAX
Thu Apr 07 20:51:09 Saved as file PLACE1.MAX
Thu Apr 07 20:51:09 Saved as file PLACE2.MAX
Thu Apr 07 20:51:09 Saved as file PLACE3.MAX
Thu Apr 07 20:51:09 Batch place completed in 00:00:00
Thu Apr 07 20:57:50 Saved as file BACKUP1.MAX
Thu Apr 07 20:57:58 Saved as file BACKUP1.MAX
Thu Apr 07 20:57:58 Saved as file BACKUP1.MAX
Thu Apr 07 20:57:58 Saved as file BACKUP1.MAX
Thu Apr 07 20:57:58 Saved as file BACKUP1.MAX
Thu Apr 07 20:57:58 Saved as file BACKUP1.MAX
Thu Apr 07 20:57:58 Saved as file BACKUP1.MAX
Thu Apr 07 20:57:58 Saved as file BACKUP1.MAX
Thu Apr 07 20:57:58 Saved as file BACKUP1.MAX
Thu Apr 07 20:57:58 Saved as file BACKUP1.MAX
Thu Apr 07 20:57:58 Saved as file BACKUP1.MAX
Thu Apr 07 20:57:58 Saved as file BACKUP1.MAX
Thu Apr 07 20:57:58 Saved as file BACKUP1.MAX
Thu Apr 07 20:57:58 Saved as file BACKUP1.MAX
Thu Apr 07 20:57:58 Saved as file BACKUP1.MAX
Thu Apr 07 20:57:58 Saved as file BACKUP1.MAX
Thu Apr 07 20:57:58 Saved as file BACKUP1.MAX
Thu Apr 07 20:57:58 Saved as file BACKUP1.MAX
Thu Apr 07 20:57:58 Saved as file BACKUP1.MAX
Thu Apr 07 20:57:58 Routed 44 connections in 0 seconds.
Thu Apr 07 20:57:58 Total is now 44 out of 164 (26%).
Thu Apr 07 20:57:58 Saved as file SWEEP1.MAX
Thu Apr 07 20:57:58 Saved as file BACKUP1.MAX
Thu Apr 07 20:57:59 Saved as file BACKUP1.MAX
Thu Apr 07 20:57:59 Saved as file BACKUP1.MAX
Thu Apr 07 20:57:59 Saved as file BACKUP1.MAX
Thu Apr 07 20:57:59 Saved as file BACKUP1.MAX
Thu Apr 07 20:57:59 Saved as file BACKUP1.MAX
Thu Apr 07 20:57:59 Saved as file BACKUP1.MAX
Thu Apr 07 20:57:59 Saved as file BACKUP1.MAX
Thu Apr 07 20:57:59 Saved as file BACKUP1.MAX
Thu Apr 07 20:57:59 Saved as file BACKUP1.MAX
Thu Apr 07 20:57:59 Saved as file BACKUP1.MAX
Thu Apr 07 20:57:59 Saved as file BACKUP1.MAX
Thu Apr 07 20:57:59 Saved as file BACKUP1.MAX
Thu Apr 07 20:57:59 Saved as file BACKUP1.MAX
Thu Apr 07 20:57:59 Saved as file BACKUP1.MAX
Thu Apr 07 20:57:59 Saved as file BACKUP1.MAX
Thu Apr 07 20:57:59 Saved as file BACKUP1.MAX
Thu Apr 07 20:57:59 Saved as file BACKUP1.MAX
Thu Apr 07 20:57:59 Routed 154 connections in 1 seconds.
Thu Apr 07 20:57:59 Total is now 164 out of 164 (100%).
Thu Apr 07 20:57:59 Saved as file SWEEP2.MAX
Thu Apr 07 20:57:59 No new connections routed.
Thu Apr 07 20:57:59 Total is now 164 out of 164 (100%).
Thu Apr 07 20:57:59 Saved as file SWEEP3.MAX
Thu Apr 07 20:57:59 No new connections routed.
Thu Apr 07 20:57:59 Total is now 164 out of 164 (100%).
Thu Apr 07 20:57:59 Saved as file SWEEP4.MAX
Thu Apr 07 20:57:59 No new connections routed.
Thu Apr 07 20:57:59 Total is now 164 out of 164 (100%).
Thu Apr 07 20:57:59 Saved as file SWEEP5.MAX
Thu Apr 07 20:58:48 Saved as file BACKUP1.MAX
Thu Apr 07 20:58:48 Batch place completed in 00:00:00
Thu Apr 07 21:00:00 Loaded file C:\DOCUMENTS AND SETTINGS\ALL USERS\DESKTOP\ECAD_LAB\LAB3\LAB3_ORCAD_LAYOUT\LAB3_PCB.MAX
Thu Apr 07 21:08:20 Saved as file BACKUP1.MAX
Thu Apr 07 21:09:02 Saved as file BACKUP1.MAX
Thu Apr 07 21:09:02 Saved as file BACKUP1.MAX
Thu Apr 07 21:09:02 Saved as file BACKUP1.MAX
Thu Apr 07 21:09:02 Saved as file BACKUP1.MAX
Thu Apr 07 21:09:02 Saved as file BACKUP1.MAX
Thu Apr 07 21:09:02 Saved as file BACKUP1.MAX
Thu Apr 07 21:09:02 Saved as file BACKUP1.MAX
Thu Apr 07 21:09:02 Saved as file BACKUP1.MAX
Thu Apr 07 21:09:02 Saved as file BACKUP1.MAX
Thu Apr 07 21:09:02 Saved as file BACKUP1.MAX
Thu Apr 07 21:09:02 Saved as file BACKUP1.MAX
Thu Apr 07 21:09:02 Saved as file BACKUP1.MAX
Thu Apr 07 21:09:02 Saved as file BACKUP1.MAX
Thu Apr 07 21:09:02 Saved as file BACKUP1.MAX
Thu Apr 07 21:09:02 Saved as file BACKUP1.MAX
Thu Apr 07 21:09:02 Routed 25 connections in 0 seconds.
Thu Apr 07 21:09:02 Total is now 25 out of 164 (15%).
Thu Apr 07 21:09:02 Saved as file SWEEP1.MAX
Thu Apr 07 21:09:03 Saved as file BACKUP1.MAX
Thu Apr 07 21:09:03 Saved as file BACKUP1.MAX
Thu Apr 07 21:09:03 Saved as file BACKUP1.MAX
Thu Apr 07 21:09:03 Saved as file BACKUP1.MAX
Thu Apr 07 21:09:03 Saved as file BACKUP1.MAX
Thu Apr 07 21:09:03 Saved as file BACKUP1.MAX
Thu Apr 07 21:09:03 Saved as file BACKUP1.MAX
Thu Apr 07 21:09:03 Saved as file BACKUP1.MAX
Thu Apr 07 21:09:03 Saved as file BACKUP1.MAX
Thu Apr 07 21:09:03 Saved as file BACKUP1.MAX
Thu Apr 07 21:09:03 Saved as file BACKUP1.MAX
Thu Apr 07 21:09:03 Saved as file BACKUP1.MAX
Thu Apr 07 21:09:04 Saved as file BACKUP1.MAX
Thu Apr 07 21:09:04 Saved as file BACKUP1.MAX
Thu Apr 07 21:09:04 Saved as file BACKUP1.MAX
Thu Apr 07 21:09:04 Routed 189 connections in 1 seconds.
Thu Apr 07 21:09:04 Total is now 164 out of 164 (100%).
Thu Apr 07 21:09:04 Saved as file SWEEP2.MAX
Thu Apr 07 21:09:04 No new connections routed.
Thu Apr 07 21:09:04 Total is now 164 out of 164 (100%).
Thu Apr 07 21:09:04 Saved as file SWEEP3.MAX
Thu Apr 07 21:09:04 No new connections routed.
Thu Apr 07 21:09:04 Total is now 164 out of 164 (100%).
Thu Apr 07 21:09:04 Saved as file SWEEP4.MAX
Thu Apr 07 21:09:04 No new connections routed.
Thu Apr 07 21:09:04 Total is now 164 out of 164 (100%).
Thu Apr 07 21:09:04 Saved as file SWEEP5.MAX
Thu Apr 07 21:13:17 Loaded file C:\DOCUMENTS AND SETTINGS\ALL USERS\DESKTOP\ECAD_LAB\LAB3\LAB3_ORCAD_LAYOUT\LAB3_PCB.MAX
Thu Apr 07 21:20:50 Saved as file BACKUP1.MAX
Thu Apr 07 21:30:50 Saved as file BACKUP1.MAX
Thu Apr 07 21:31:42 Saved as file BACKUP1.MAX
Thu Apr 07 21:31:42 Saved as file BACKUP1.MAX
Thu Apr 07 21:31:42 Saved as file BACKUP1.MAX
Thu Apr 07 21:31:42 Saved as file BACKUP1.MAX
Thu Apr 07 21:31:42 Saved as file BACKUP1.MAX
Thu Apr 07 21:31:42 Saved as file BACKUP1.MAX
Thu Apr 07 21:31:42 Saved as file BACKUP1.MAX
Thu Apr 07 21:31:42 Saved as file BACKUP1.MAX
Thu Apr 07 21:31:42 Saved as file BACKUP1.MAX
Thu Apr 07 21:31:42 Saved as file BACKUP1.MAX
Thu Apr 07 21:31:42 Saved as file BACKUP1.MAX
Thu Apr 07 21:31:42 Saved as file BACKUP1.MAX
Thu Apr 07 21:31:42 Saved as file BACKUP1.MAX
Thu Apr 07 21:31:42 Saved as file BACKUP1.MAX
Thu Apr 07 21:31:42 Saved as file BACKUP1.MAX
Thu Apr 07 21:31:42 Routed 18 connections in 0 seconds.
Thu Apr 07 21:31:42 Total is now 18 out of 164 (10%).
Thu Apr 07 21:31:42 Saved as file SWEEP1.MAX
Thu Apr 07 21:31:50 Saved as file BACKUP1.MAX
Thu Apr 07 21:31:54 Saved as file BACKUP1.MAX
Thu Apr 07 21:31:59 Saved as file BACKUP1.MAX
Thu Apr 07 21:31:59 Saved as file BACKUP1.MAX
Thu Apr 07 21:32:00 Saved as file BACKUP1.MAX
Thu Apr 07 21:32:00 Saved as file BACKUP1.MAX
Thu Apr 07 21:32:00 Saved as file BACKUP1.MAX
Thu Apr 07 21:32:00 Saved as file BACKUP1.MAX
Thu Apr 07 21:32:00 Saved as file BACKUP1.MAX
Thu Apr 07 21:32:00 Saved as file BACKUP1.MAX
Thu Apr 07 21:32:00 Saved as file BACKUP1.MAX
Thu Apr 07 21:32:00 Saved as file BACKUP1.MAX
Thu Apr 07 21:32:05 Saved as file BACKUP1.MAX
Thu Apr 07 21:32:07 Saved as file BACKUP1.MAX
Thu Apr 07 21:32:08 Saved as file BACKUP1.MAX
Thu Apr 07 21:32:08 Routed 237 connections in 26 seconds.
Thu Apr 07 21:32:08 Total is now 83 out of 164 (50%).
Thu Apr 07 21:32:08 Saved as file SWEEP2.MAX
Thu Apr 07 21:33:02 Loaded file C:\DOCUMENTS AND SETTINGS\ALL USERS\DESKTOP\ECAD_LAB\LAB3\LAB3_ORCAD_LAYOUT\LAB3_PCB.MAX
Thu Apr 07 21:34:45 Saved as file BACKUP1.MAX
Thu Apr 07 21:34:45 Saved as file PLACE1.MAX
Thu Apr 07 21:34:45 Saved as file PLACE2.MAX
Thu Apr 07 21:34:45 Saved as file PLACE3.MAX
Thu Apr 07 21:34:45 Batch place completed in 00:00:00
Thu Apr 07 21:40:19 Saved as file BACKUP1.MAX
Thu Apr 07 21:40:19 Saved as file BACKUP1.MAX
Thu Apr 07 21:40:19 Saved as file BACKUP1.MAX
Thu Apr 07 21:40:19 Saved as file BACKUP1.MAX
Thu Apr 07 21:40:19 Saved as file BACKUP1.MAX
Thu Apr 07 21:40:19 Saved as file BACKUP1.MAX
Thu Apr 07 21:40:19 Saved as file BACKUP1.MAX
Thu Apr 07 21:40:19 Saved as file BACKUP1.MAX
Thu Apr 07 21:40:19 Saved as file BACKUP1.MAX
Thu Apr 07 21:40:19 Saved as file BACKUP1.MAX
Thu Apr 07 21:40:19 Saved as file BACKUP1.MAX
Thu Apr 07 21:40:19 Saved as file BACKUP1.MAX
Thu Apr 07 21:40:19 Saved as file BACKUP1.MAX
Thu Apr 07 21:40:19 Saved as file BACKUP1.MAX
Thu Apr 07 21:40:19 Saved as file BACKUP1.MAX
Thu Apr 07 21:40:19 Routed 28 connections in 0 seconds.
Thu Apr 07 21:40:19 Total is now 28 out of 164 (17%).
Thu Apr 07 21:40:19 Saved as file SWEEP1.MAX
Thu Apr 07 21:40:24 Saved as file BACKUP1.MAX
Thu Apr 07 21:40:25 Saved as file BACKUP1.MAX
Thu Apr 07 21:40:28 Saved as file BACKUP1.MAX
Thu Apr 07 21:40:30 Saved as file BACKUP1.MAX
Thu Apr 07 21:40:31 Saved as file BACKUP1.MAX
Thu Apr 07 21:40:33 Saved as file BACKUP1.MAX
Thu Apr 07 21:40:34 Saved as file BACKUP1.MAX
Thu Apr 07 21:40:34 Saved as file BACKUP1.MAX
Thu Apr 07 21:40:34 Saved as file BACKUP1.MAX
Thu Apr 07 21:40:34 Saved as file BACKUP1.MAX
Thu Apr 07 21:40:34 Saved as file BACKUP1.MAX
Thu Apr 07 21:40:34 Saved as file BACKUP1.MAX
Thu Apr 07 21:40:36 Saved as file BACKUP1.MAX
Thu Apr 07 21:40:36 Saved as file BACKUP1.MAX
Thu Apr 07 21:40:38 Saved as file BACKUP1.MAX
Thu Apr 07 21:40:38 Routed 219 connections in 19 seconds.
Thu Apr 07 21:40:38 Total is now 97 out of 164 (59%).
Thu Apr 07 21:40:38 Saved as file SWEEP2.MAX
Thu Apr 07 21:42:06 Loaded file C:\DOCUMENTS AND SETTINGS\ALL USERS\DESKTOP\ECAD_LAB\LAB3\LAB3_ORCAD_LAYOUT\LAB3_PCB.MAX
